22-Feb-2017 05:42:52.524 INFO [main] org.apache.catalina.core.AprLifecycleListener.lifecycleEvent The APR based Apache Tomcat Native library which allows optimal performance in production environments was not found on the java.library.path: /Users/maheshacharya/Library/Java/Extensions:/Library/Java/Extensions:/Network/Library/Java/Extensions:/System/Library/Java/Extensions:/usr/lib/java:.
22-Feb-2017 05:42:52.631 INFO [main] org.apache.coyote.AbstractProtocol.init Initializing ProtocolHandler ["http-nio-8080"]
22-Feb-2017 05:42:52.651 INFO [main] org.apache.tomcat.util.net.NioSelectorPool.getSharedSelector Using a shared selector for servlet write/read
22-Feb-2017 05:42:52.652 INFO [main] org.apache.coyote.AbstractProtocol.init Initializing ProtocolHandler ["ajp-nio-8009"]
22-Feb-2017 05:42:52.654 INFO [main] org.apache.tomcat.util.net.NioSelectorPool.getSharedSelector Using a shared selector for servlet write/read
22-Feb-2017 05:42:52.654 INFO [main] org.apache.catalina.startup.Catalina.load Initialization processed in 398 ms
22-Feb-2017 05:42:52.683 INFO [main] org.apache.catalina.core.StandardService.startInternal Starting service Catalina
22-Feb-2017 05:42:52.683 INFO [main] org.apache.catalina.core.StandardEngine.startInternal Starting Servlet Engine: Apache Tomcat/8.0.38
22-Feb-2017 05:42:52.696 INFO [localhost-startStop-1] org.apache.catalina.startup.HostConfig.deployWAR Deploying web application archive /Users/maheshacharya/dev-training/2017/02/bangalore/projects/myhippoproject/target/tomcat8x/webapps/cargocpc.war
22-Feb-2017 05:42:52.992 INFO [localhost-startStop-1] org.apache.catalina.startup.HostConfig.deployWAR Deployment of web application archive /Users/maheshacharya/dev-training/2017/02/bangalore/projects/myhippoproject/target/tomcat8x/webapps/cargocpc.war has finished in 295 ms
22-Feb-2017 05:42:52.992 INFO [localhost-startStop-1] org.apache.catalina.startup.HostConfig.deployWAR Deploying web application archive /Users/maheshacharya/dev-training/2017/02/bangalore/projects/myhippoproject/target/tomcat8x/webapps/cms.war
22-Feb-2017 05:43:16.539 INFO [localhost-startStop-1] org.apache.catalina.startup.HostConfig.deployWAR Deployment of web application archive /Users/maheshacharya/dev-training/2017/02/bangalore/projects/myhippoproject/target/tomcat8x/webapps/cms.war has finished in 23,547 ms
22-Feb-2017 05:43:16.540 INFO [localhost-startStop-1] org.apache.catalina.startup.HostConfig.deployWAR Deploying web application archive /Users/maheshacharya/dev-training/2017/02/bangalore/projects/myhippoproject/target/tomcat8x/webapps/essentials.war
22-Feb-2017 05:43:26.270 INFO [localhost-startStop-1] org.apache.catalina.startup.HostConfig.deployWAR Deployment of web application archive /Users/maheshacharya/dev-training/2017/02/bangalore/projects/myhippoproject/target/tomcat8x/webapps/essentials.war has finished in 9,730 ms
22-Feb-2017 05:43:26.272 INFO [localhost-startStop-1] org.apache.catalina.startup.HostConfig.deployWAR Deploying web application archive /Users/maheshacharya/dev-training/2017/02/bangalore/projects/myhippoproject/target/tomcat8x/webapps/site.war
22-Feb-2017 05:43:26.275 INFO [localhost-startStop-1] org.apache.catalina.realm.JAASRealm.setUseContextClassLoader Setting useContextClassLoader = true
22-Feb-2017 05:43:31.362 INFO [localhost-startStop-1] org.apache.catalina.startup.HostConfig.deployWAR Deployment of web application archive /Users/maheshacharya/dev-training/2017/02/bangalore/projects/myhippoproject/target/tomcat8x/webapps/site.war has finished in 5,090 ms
22-Feb-2017 05:43:31.363 INFO [localhost-startStop-1] org.apache.catalina.startup.HostConfig.deployDirectory Deploying web application directory /Users/maheshacharya/dev-training/2017/02/bangalore/projects/myhippoproject/target/tomcat8x/webapps/host-manager
22-Feb-2017 05:43:31.389 INFO [localhost-startStop-1] org.apache.catalina.startup.HostConfig.deployDirectory Deployment of web application directory /Users/maheshacharya/dev-training/2017/02/bangalore/projects/myhippoproject/target/tomcat8x/webapps/host-manager has finished in 26 ms
22-Feb-2017 05:43:31.389 INFO [localhost-startStop-1] org.apache.catalina.startup.HostConfig.deployDirectory Deploying web application directory /Users/maheshacharya/dev-training/2017/02/bangalore/projects/myhippoproject/target/tomcat8x/webapps/manager
22-Feb-2017 05:43:31.413 INFO [localhost-startStop-1] org.apache.catalina.startup.HostConfig.deployDirectory Deployment of web application directory /Users/maheshacharya/dev-training/2017/02/bangalore/projects/myhippoproject/target/tomcat8x/webapps/manager has finished in 24 ms
22-Feb-2017 05:43:31.417 INFO [main] org.apache.coyote.AbstractProtocol.start Starting ProtocolHandler ["http-nio-8080"]
22-Feb-2017 05:43:31.422 INFO [main] org.apache.coyote.AbstractProtocol.start Starting ProtocolHandler ["ajp-nio-8009"]
22-Feb-2017 05:43:31.422 INFO [main] org.apache.catalina.startup.Catalina.start Server startup in 38769 ms
22-Feb-2017 05:45:18.789 INFO [Thread-77] org.apache.coyote.AbstractProtocol.pause Pausing ProtocolHandler ["http-nio-8080"]
22-Feb-2017 05:45:18.846 INFO [Thread-77] org.apache.coyote.AbstractProtocol.pause Pausing ProtocolHandler ["ajp-nio-8009"]
22-Feb-2017 05:45:18.898 INFO [Thread-77] org.apache.catalina.core.StandardService.stopInternal Stopping service Catalina
22-Feb-2017 05:45:19.608 WARNING [localhost-startStop-2] org.apache.catalina.loader.WebappClassLoaderBase.clearReferencesJdbc The web application [cms] registered the JDBC driver [org.h2.Driver] but failed to unregister it when the web application was stopped. To prevent a memory leak, the JDBC Driver has been forcibly unregistered.
22-Feb-2017 05:45:19.609 WARNING [localhost-startStop-2] org.apache.catalina.loader.WebappClassLoaderBase.clearReferencesThreads The web application [cms] appears to have started a thread named [Wicket-PageSavingThread] but has failed to stop it. This is very likely to create a memory leak. Stack trace of thread:
 sun.misc.Unsafe.park(Native Method)
 java.util.concurrent.locks.LockSupport.parkNanos(LockSupport.java:215)
 java.util.concurrent.locks.AbstractQueuedSynchronizer$ConditionObject.awaitNanos(AbstractQueuedSynchronizer.java:2078)
 java.util.concurrent.LinkedBlockingQueue.poll(LinkedBlockingQueue.java:467)
 org.apache.wicket.pageStore.AsynchronousDataStore$PageSavingRunnable.run(AsynchronousDataStore.java:345)
 java.lang.Thread.run(Thread.java:745)
22-Feb-2017 05:45:19.610 WARNING [localhost-startStop-2] org.apache.catalina.loader.WebappClassLoaderBase.clearReferencesThreads The web application [cms] appears to have started a thread named [Wicket-PageSavingThread] but has failed to stop it. This is very likely to create a memory leak. Stack trace of thread:
 sun.misc.Unsafe.park(Native Method)
 java.util.concurrent.locks.LockSupport.parkNanos(LockSupport.java:215)
 java.util.concurrent.locks.AbstractQueuedSynchronizer$ConditionObject.awaitNanos(AbstractQueuedSynchronizer.java:2078)
 java.util.concurrent.LinkedBlockingQueue.poll(LinkedBlockingQueue.java:467)
 org.apache.wicket.pageStore.AsynchronousDataStore$PageSavingRunnable.run(AsynchronousDataStore.java:345)
 java.lang.Thread.run(Thread.java:745)
22-Feb-2017 05:45:19.625 INFO [Thread-77] org.apache.coyote.AbstractProtocol.stop Stopping ProtocolHandler ["http-nio-8080"]
22-Feb-2017 05:45:19.713 INFO [Thread-77] org.apache.coyote.AbstractProtocol.stop Stopping ProtocolHandler ["ajp-nio-8009"]
22-Feb-2017 05:45:19.714 INFO [Thread-77] org.apache.coyote.AbstractProtocol.destroy Destroying ProtocolHandler ["http-nio-8080"]
22-Feb-2017 05:45:19.715 INFO [Thread-77] org.apache.coyote.AbstractProtocol.destroy Destroying ProtocolHandler ["ajp-nio-8009"]
